
Circuit 1 cell sky130_fd_pr__pfet_01v8_lvt and Circuit 2 cell sky130_fd_pr__pfet_01v8_lvt are black boxes.
Warning: Equate pins:  cell sky130_fd_pr__pfet_01v8_lvt is a placeholder, treated as a black box.
Warning: Equate pins:  cell sky130_fd_pr__pfet_01v8_lvt is a placeholder, treated as a black box.

Subcircuit pins:
Circuit 1: sky130_fd_pr__pfet_01v8_lvt     |Circuit 2: sky130_fd_pr__pfet_01v8_lvt     
-------------------------------------------|-------------------------------------------
1                                          |1                                          
2                                          |2                                          
3                                          |3                                          
4                                          |4                                          
---------------------------------------------------------------------------------------
Cell pin lists are equivalent.
Device classes sky130_fd_pr__pfet_01v8_lvt and sky130_fd_pr__pfet_01v8_lvt are equivalent.

Circuit 1 cell sky130_fd_pr__res_xhigh_po_0p35 and Circuit 2 cell sky130_fd_pr__res_xhigh_po_0p35 are black boxes.
Warning: Equate pins:  cell sky130_fd_pr__res_xhigh_po_0p35 is a placeholder, treated as a black box.
Warning: Equate pins:  cell sky130_fd_pr__res_xhigh_po_0p35 is a placeholder, treated as a black box.

Subcircuit pins:
Circuit 1: sky130_fd_pr__res_xhigh_po_0p35 |Circuit 2: sky130_fd_pr__res_xhigh_po_0p35 
-------------------------------------------|-------------------------------------------
1                                          |1                                          
2                                          |2                                          
3                                          |3                                          
---------------------------------------------------------------------------------------
Cell pin lists are equivalent.
Device classes sky130_fd_pr__res_xhigh_po_0p35 and sky130_fd_pr__res_xhigh_po_0p35 are equivalent.
Flattening unmatched subcell sky130_fd_pr__pfet_01v8_lvt_755577 in circuit Preamp_noBias (0)(8 instances)
Flattening unmatched subcell sky130_fd_pr__pfet_01v8_lvt_N5558H in circuit Preamp_noBias (0)(10 instances)
Flattening unmatched subcell sky130_fd_pr__res_xhigh_po_0p35_5KD9UN in circuit Preamp_noBias (0)(2 instances)

Class Preamp_noBias (0):  Merged 15 parallel devices.
Subcircuit summary:
Circuit 1: Preamp_noBias                   |Circuit 2: Preamp_noBias                   
-------------------------------------------|-------------------------------------------
sky130_fd_pr__pfet_01v8_lvt (18->3)        |sky130_fd_pr__pfet_01v8_lvt (18->3)        
sky130_fd_pr__res_xhigh_po_0p35 (2)        |sky130_fd_pr__res_xhigh_po_0p35 (2)        
Number of devices: 5                       |Number of devices: 5                       
Number of nets: 8                          |Number of nets: 8                          
---------------------------------------------------------------------------------------
Resolving symmetries by property value.
Resolving symmetries by pin name.
Netlists match uniquely with property errors.
sky130_fd_pr__res_xhigh_po_0p35_5KD9UN_0/sky130_fd_pr__res_xhigh_po_0p35:0 vs. sky130_fd_pr__res_xhigh_po_0p35:R2:
 l circuit1: 1.56   circuit2: 1.751   (delta=11.5%, cutoff=1%)
sky130_fd_pr__res_xhigh_po_0p35_5KD9UN_1/sky130_fd_pr__res_xhigh_po_0p35:0 vs. sky130_fd_pr__res_xhigh_po_0p35:R1:
 l circuit1: 1.56   circuit2: 1.751   (delta=11.5%, cutoff=1%)

Subcircuit pins:
Circuit 1: Preamp_noBias                   |Circuit 2: Preamp_noBias                   
-------------------------------------------|-------------------------------------------
VDD                                        |VDD                                        
VSS                                        |VSS                                        
Vinplus                                    |Vinplus                                    
Vinminus                                   |Vinminus                                   
i_in                                       |i_in                                       
Vioplus                                    |Vioplus                                    
Viominus                                   |Viominus                                   
---------------------------------------------------------------------------------------
Cell pin lists are equivalent.
Device classes Preamp_noBias and Preamp_noBias are equivalent.

Final result: Circuits match uniquely.
Property errors were found.

The following cells had property errors:
 Preamp_noBias
