
Circuit 1 cell sky130_fd_pr_reram__reram_cell and Circuit 2 cell sky130_fd_pr_reram__reram_cell are black boxes.
Warning: Equate pins:  cell sky130_fd_pr_reram__reram_cell is a placeholder, treated as a black box.
Warning: Equate pins:  cell sky130_fd_pr_reram__reram_cell is a placeholder, treated as a black box.

Subcircuit pins:
Circuit 1: sky130_fd_pr_reram__reram_cell  |Circuit 2: sky130_fd_pr_reram__reram_cell  
-------------------------------------------|-------------------------------------------
1                                          |1                                          
2                                          |2                                          
---------------------------------------------------------------------------------------
Cell pin lists are equivalent.
Device classes sky130_fd_pr_reram__reram_cell and sky130_fd_pr_reram__reram_cell are equivalent.

Circuit 1 cell sky130_fd_pr__nfet_g5v0d10v5 and Circuit 2 cell sky130_fd_pr__nfet_g5v0d10v5 are black boxes.
Warning: Equate pins:  cell sky130_fd_pr__nfet_g5v0d10v5 is a placeholder, treated as a black box.
Warning: Equate pins:  cell sky130_fd_pr__nfet_g5v0d10v5 is a placeholder, treated as a black box.

Subcircuit pins:
Circuit 1: sky130_fd_pr__nfet_g5v0d10v5    |Circuit 2: sky130_fd_pr__nfet_g5v0d10v5    
-------------------------------------------|-------------------------------------------
1                                          |1                                          
2                                          |2                                          
3                                          |3                                          
4                                          |4                                          
---------------------------------------------------------------------------------------
Cell pin lists are equivalent.
Device classes sky130_fd_pr__nfet_g5v0d10v5 and sky130_fd_pr__nfet_g5v0d10v5 are equivalent.
Flattening unmatched subcell 4x4 in circuit 8x8 (0)(4 instances)
Flattening unmatched subcell 2x2 in circuit 8x8 (0)(16 instances)
Flattening unmatched subcell 1T1R in circuit 8x8 (0)(64 instances)
Flattening unmatched subcell x4x4 in circuit x8x8 (1)(4 instances)
Flattening unmatched subcell x2x2 in circuit x8x8 (1)(16 instances)
Flattening unmatched subcell x1T1R in circuit x8x8 (1)(64 instances)
Flattening unmatched subcell sky130_fd_pr_reram__reram_cell_X in circuit x8x8 (1)(64 instances)
Flattening unmatched subcell sky130_fd_pr__nfet_g5v0d10v5_9YEQ2B in circuit x8x8 (1)(64 instances)

Subcircuit summary:
Circuit 1: 8x8                             |Circuit 2: x8x8                            
-------------------------------------------|-------------------------------------------
sky130_fd_pr_reram__reram_cell (64)        |sky130_fd_pr_reram__reram_cell (64)        
sky130_fd_pr__nfet_g5v0d10v5 (64)          |sky130_fd_pr__nfet_g5v0d10v5 (64)          
Number of devices: 128                     |Number of devices: 128                     
Number of nets: 89                         |Number of nets: 89                         
---------------------------------------------------------------------------------------
Resolving symmetries by property value.
Resolving symmetries by pin name.
Netlists match uniquely.

Subcircuit pins:
Circuit 1: 8x8                             |Circuit 2: x8x8                            
-------------------------------------------|-------------------------------------------
BL8                                        |BL8                                        
BL6                                        |BL6                                        
BL7                                        |BL7                                        
BL5                                        |BL5                                        
BL4                                        |BL4                                        
BL2                                        |BL2                                        
BL3                                        |BL3                                        
BL1                                        |BL1                                        
SL8                                        |SL8                                        
SL7                                        |SL7                                        
SL6                                        |SL6                                        
SL5                                        |SL5                                        
SL4                                        |SL4                                        
SL3                                        |SL3                                        
SL2                                        |SL2                                        
SL1                                        |SL1                                        
WL7                                        |WL7                                        
WL8                                        |WL8                                        
WL5                                        |WL5                                        
WL6                                        |WL6                                        
WL3                                        |WL3                                        
WL4                                        |WL4                                        
WL1                                        |WL1                                        
WL2                                        |WL2                                        
VSS                                        |VSS                                        
---------------------------------------------------------------------------------------
Cell pin lists are equivalent.
Device classes 8x8 and x8x8 are equivalent.

Final result: Circuits match uniquely.
.
