
la_user.elf:     file format elf32-littleriscv


Disassembly of section .text:

10000000 <_ftext>:
10000000:	0b00006f          	j	100000b0 <crt_init>
10000004:	00000013          	nop
10000008:	00000013          	nop
1000000c:	00000013          	nop
10000010:	00000013          	nop
10000014:	00000013          	nop
10000018:	00000013          	nop
1000001c:	00000013          	nop

10000020 <trap_entry>:
10000020:	fe112e23          	sw	ra,-4(sp)
10000024:	fe512c23          	sw	t0,-8(sp)
10000028:	fe612a23          	sw	t1,-12(sp)
1000002c:	fe712823          	sw	t2,-16(sp)
10000030:	fea12623          	sw	a0,-20(sp)
10000034:	feb12423          	sw	a1,-24(sp)
10000038:	fec12223          	sw	a2,-28(sp)
1000003c:	fed12023          	sw	a3,-32(sp)
10000040:	fce12e23          	sw	a4,-36(sp)
10000044:	fcf12c23          	sw	a5,-40(sp)
10000048:	fd012a23          	sw	a6,-44(sp)
1000004c:	fd112823          	sw	a7,-48(sp)
10000050:	fdc12623          	sw	t3,-52(sp)
10000054:	fdd12423          	sw	t4,-56(sp)
10000058:	fde12223          	sw	t5,-60(sp)
1000005c:	fdf12023          	sw	t6,-64(sp)
10000060:	fc010113          	addi	sp,sp,-64
10000064:	110000ef          	jal	ra,10000174 <isr>
10000068:	03c12083          	lw	ra,60(sp)
1000006c:	03812283          	lw	t0,56(sp)
10000070:	03412303          	lw	t1,52(sp)
10000074:	03012383          	lw	t2,48(sp)
10000078:	02c12503          	lw	a0,44(sp)
1000007c:	02812583          	lw	a1,40(sp)
10000080:	02412603          	lw	a2,36(sp)
10000084:	02012683          	lw	a3,32(sp)
10000088:	01c12703          	lw	a4,28(sp)
1000008c:	01812783          	lw	a5,24(sp)
10000090:	01412803          	lw	a6,20(sp)
10000094:	01012883          	lw	a7,16(sp)
10000098:	00c12e03          	lw	t3,12(sp)
1000009c:	00812e83          	lw	t4,8(sp)
100000a0:	00412f03          	lw	t5,4(sp)
100000a4:	00012f83          	lw	t6,0(sp)
100000a8:	04010113          	addi	sp,sp,64
100000ac:	30200073          	mret

100000b0 <crt_init>:
100000b0:	60000113          	li	sp,1536
100000b4:	00000517          	auipc	a0,0x0
100000b8:	f6c50513          	addi	a0,a0,-148 # 10000020 <trap_entry>
100000bc:	30551073          	csrw	mtvec,a0

100000c0 <data_init>:
100000c0:	00000513          	li	a0,0
100000c4:	00000593          	li	a1,0
100000c8:	00000617          	auipc	a2,0x0
100000cc:	6c860613          	addi	a2,a2,1736 # 10000790 <_erodata>

100000d0 <data_loop>:
100000d0:	00b50c63          	beq	a0,a1,100000e8 <bss_init>
100000d4:	00062683          	lw	a3,0(a2)
100000d8:	00d52023          	sw	a3,0(a0)
100000dc:	00450513          	addi	a0,a0,4
100000e0:	00460613          	addi	a2,a2,4
100000e4:	fedff06f          	j	100000d0 <data_loop>

100000e8 <bss_init>:
100000e8:	00000513          	li	a0,0
100000ec:	01000593          	li	a1,16

100000f0 <bss_loop>:
100000f0:	00b50863          	beq	a0,a1,10000100 <bss_done>
100000f4:	00052023          	sw	zero,0(a0)
100000f8:	00450513          	addi	a0,a0,4
100000fc:	ff5ff06f          	j	100000f0 <bss_loop>

10000100 <bss_done>:
10000100:	00001537          	lui	a0,0x1
10000104:	88050513          	addi	a0,a0,-1920 # 880 <_fstack+0x280>
10000108:	30451073          	csrw	mie,a0
1000010c:	1b0000ef          	jal	ra,100002bc <main>

10000110 <infinit_loop>:
10000110:	0000006f          	j	10000110 <infinit_loop>

10000114 <flush_cpu_icache>:
10000114:	ff010113          	addi	sp,sp,-16
10000118:	00812623          	sw	s0,12(sp)
1000011c:	01010413          	addi	s0,sp,16
10000120:	00000013          	nop
10000124:	00c12403          	lw	s0,12(sp)
10000128:	01010113          	addi	sp,sp,16
1000012c:	00008067          	ret

10000130 <flush_cpu_dcache>:
10000130:	ff010113          	addi	sp,sp,-16
10000134:	00812623          	sw	s0,12(sp)
10000138:	01010413          	addi	s0,sp,16
1000013c:	00000013          	nop
10000140:	00c12403          	lw	s0,12(sp)
10000144:	01010113          	addi	sp,sp,16
10000148:	00008067          	ret

1000014c <irq_setmask>:
1000014c:	fe010113          	addi	sp,sp,-32
10000150:	00812e23          	sw	s0,28(sp)
10000154:	02010413          	addi	s0,sp,32
10000158:	fea42623          	sw	a0,-20(s0)
1000015c:	fec42783          	lw	a5,-20(s0)
10000160:	bc079073          	csrw	0xbc0,a5
10000164:	00000013          	nop
10000168:	01c12403          	lw	s0,28(sp)
1000016c:	02010113          	addi	sp,sp,32
10000170:	00008067          	ret

10000174 <isr>:
10000174:	ff010113          	addi	sp,sp,-16
10000178:	00112623          	sw	ra,12(sp)
1000017c:	00812423          	sw	s0,8(sp)
10000180:	01010413          	addi	s0,sp,16
10000184:	00000513          	li	a0,0
10000188:	fc5ff0ef          	jal	ra,1000014c <irq_setmask>
1000018c:	f00037b7          	lui	a5,0xf0003
10000190:	03878793          	addi	a5,a5,56 # f0003038 <_erodata+0xe00028a8>
10000194:	00a00713          	li	a4,10
10000198:	00e7a023          	sw	a4,0(a5)
1000019c:	f00037b7          	lui	a5,0xf0003
100001a0:	03c78793          	addi	a5,a5,60 # f000303c <_erodata+0xe00028ac>
100001a4:	00020737          	lui	a4,0x20
100001a8:	00e7a023          	sw	a4,0(a5)
100001ac:	00100713          	li	a4,1
100001b0:	00e01023          	sh	a4,0(zero) # 0 <flag>
100001b4:	00000013          	nop
100001b8:	00c12083          	lw	ra,12(sp)
100001bc:	00812403          	lw	s0,8(sp)
100001c0:	01010113          	addi	sp,sp,16
100001c4:	00008067          	ret

100001c8 <flush_cpu_icache>:
100001c8:	ff010113          	addi	sp,sp,-16
100001cc:	00812623          	sw	s0,12(sp)
100001d0:	01010413          	addi	s0,sp,16
100001d4:	00000013          	nop
100001d8:	00c12403          	lw	s0,12(sp)
100001dc:	01010113          	addi	sp,sp,16
100001e0:	00008067          	ret

100001e4 <flush_cpu_dcache>:
100001e4:	ff010113          	addi	sp,sp,-16
100001e8:	00812623          	sw	s0,12(sp)
100001ec:	01010413          	addi	s0,sp,16
100001f0:	00000013          	nop
100001f4:	00c12403          	lw	s0,12(sp)
100001f8:	01010113          	addi	sp,sp,16
100001fc:	00008067          	ret

10000200 <putchar>:
10000200:	fe010113          	addi	sp,sp,-32
10000204:	00112e23          	sw	ra,28(sp)
10000208:	00812c23          	sw	s0,24(sp)
1000020c:	02010413          	addi	s0,sp,32
10000210:	00050793          	mv	a5,a0
10000214:	fef407a3          	sb	a5,-17(s0)
10000218:	fef44703          	lbu	a4,-17(s0)
1000021c:	00a00793          	li	a5,10
10000220:	00f71663          	bne	a4,a5,1000022c <putchar+0x2c>
10000224:	00d00513          	li	a0,13
10000228:	fd9ff0ef          	jal	ra,10000200 <putchar>
1000022c:	00000013          	nop
10000230:	f00067b7          	lui	a5,0xf0006
10000234:	80478793          	addi	a5,a5,-2044 # f0005804 <_erodata+0xe0005074>
10000238:	0007a703          	lw	a4,0(a5)
1000023c:	00100793          	li	a5,1
10000240:	fef708e3          	beq	a4,a5,10000230 <putchar+0x30>
10000244:	f00067b7          	lui	a5,0xf0006
10000248:	80078793          	addi	a5,a5,-2048 # f0005800 <_erodata+0xe0005070>
1000024c:	fef44703          	lbu	a4,-17(s0)
10000250:	00e7a023          	sw	a4,0(a5)
10000254:	00000013          	nop
10000258:	01c12083          	lw	ra,28(sp)
1000025c:	01812403          	lw	s0,24(sp)
10000260:	02010113          	addi	sp,sp,32
10000264:	00008067          	ret

10000268 <print>:
10000268:	fe010113          	addi	sp,sp,-32
1000026c:	00112e23          	sw	ra,28(sp)
10000270:	00812c23          	sw	s0,24(sp)
10000274:	02010413          	addi	s0,sp,32
10000278:	fea42623          	sw	a0,-20(s0)
1000027c:	01c0006f          	j	10000298 <print+0x30>
10000280:	fec42783          	lw	a5,-20(s0)
10000284:	00178713          	addi	a4,a5,1
10000288:	fee42623          	sw	a4,-20(s0)
1000028c:	0007c783          	lbu	a5,0(a5)
10000290:	00078513          	mv	a0,a5
10000294:	f6dff0ef          	jal	ra,10000200 <putchar>
10000298:	fec42783          	lw	a5,-20(s0)
1000029c:	0007c783          	lbu	a5,0(a5)
100002a0:	fe0790e3          	bnez	a5,10000280 <print+0x18>
100002a4:	00000013          	nop
100002a8:	00000013          	nop
100002ac:	01c12083          	lw	ra,28(sp)
100002b0:	01812403          	lw	s0,24(sp)
100002b4:	02010113          	addi	sp,sp,32
100002b8:	00008067          	ret

100002bc <main>:
100002bc:	ff010113          	addi	sp,sp,-16
100002c0:	00812623          	sw	s0,12(sp)
100002c4:	01010413          	addi	s0,sp,16
100002c8:	f00047b7          	lui	a5,0xf0004
100002cc:	00100713          	li	a4,1
100002d0:	00e7a023          	sw	a4,0(a5) # f0004000 <_erodata+0xe0003870>
100002d4:	260007b7          	lui	a5,0x26000
100002d8:	02478793          	addi	a5,a5,36 # 26000024 <_erodata+0x15fff894>
100002dc:	00002737          	lui	a4,0x2
100002e0:	80970713          	addi	a4,a4,-2039 # 1809 <_fstack+0x1209>
100002e4:	00e7a023          	sw	a4,0(a5)
100002e8:	260007b7          	lui	a5,0x26000
100002ec:	02878793          	addi	a5,a5,40 # 26000028 <_erodata+0x15fff898>
100002f0:	00002737          	lui	a4,0x2
100002f4:	80970713          	addi	a4,a4,-2039 # 1809 <_fstack+0x1209>
100002f8:	00e7a023          	sw	a4,0(a5)
100002fc:	260007b7          	lui	a5,0x26000
10000300:	03878793          	addi	a5,a5,56 # 26000038 <_erodata+0x15fff8a8>
10000304:	40200713          	li	a4,1026
10000308:	00e7a023          	sw	a4,0(a5)
1000030c:	260007b7          	lui	a5,0x26000
10000310:	03c78793          	addi	a5,a5,60 # 2600003c <_erodata+0x15fff8ac>
10000314:	40200713          	li	a4,1026
10000318:	00e7a023          	sw	a4,0(a5)
1000031c:	260007b7          	lui	a5,0x26000
10000320:	04078793          	addi	a5,a5,64 # 26000040 <_erodata+0x15fff8b0>
10000324:	40200713          	li	a4,1026
10000328:	00e7a023          	sw	a4,0(a5)
1000032c:	260007b7          	lui	a5,0x26000
10000330:	04478793          	addi	a5,a5,68 # 26000044 <_erodata+0x15fff8b4>
10000334:	40200713          	li	a4,1026
10000338:	00e7a023          	sw	a4,0(a5)
1000033c:	260007b7          	lui	a5,0x26000
10000340:	04878793          	addi	a5,a5,72 # 26000048 <_erodata+0x15fff8b8>
10000344:	40200713          	li	a4,1026
10000348:	00e7a023          	sw	a4,0(a5)
1000034c:	260007b7          	lui	a5,0x26000
10000350:	04c78793          	addi	a5,a5,76 # 2600004c <_erodata+0x15fff8bc>
10000354:	40200713          	li	a4,1026
10000358:	00e7a023          	sw	a4,0(a5)
1000035c:	260007b7          	lui	a5,0x26000
10000360:	05078793          	addi	a5,a5,80 # 26000050 <_erodata+0x15fff8c0>
10000364:	00002737          	lui	a4,0x2
10000368:	80970713          	addi	a4,a4,-2039 # 1809 <_fstack+0x1209>
1000036c:	00e7a023          	sw	a4,0(a5)
10000370:	260007b7          	lui	a5,0x26000
10000374:	0b478793          	addi	a5,a5,180 # 260000b4 <_erodata+0x15fff924>
10000378:	40200713          	li	a4,1026
1000037c:	00e7a023          	sw	a4,0(a5)
10000380:	260007b7          	lui	a5,0x26000
10000384:	0b878793          	addi	a5,a5,184 # 260000b8 <_erodata+0x15fff928>
10000388:	40200713          	li	a4,1026
1000038c:	00e7a023          	sw	a4,0(a5)
10000390:	f00067b7          	lui	a5,0xf0006
10000394:	00100713          	li	a4,1
10000398:	00e7a023          	sw	a4,0(a5) # f0006000 <_erodata+0xe0005870>
1000039c:	260007b7          	lui	a5,0x26000
100003a0:	00100713          	li	a4,1
100003a4:	00e7a023          	sw	a4,0(a5) # 26000000 <_erodata+0x15fff870>
100003a8:	00000013          	nop
100003ac:	260007b7          	lui	a5,0x26000
100003b0:	0007a703          	lw	a4,0(a5) # 26000000 <_erodata+0x15fff870>
100003b4:	00100793          	li	a5,1
100003b8:	fef70ae3          	beq	a4,a5,100003ac <main+0xf0>
100003bc:	260007b7          	lui	a5,0x26000
100003c0:	00c78793          	addi	a5,a5,12 # 2600000c <_erodata+0x15fff87c>
100003c4:	00100713          	li	a4,1
100003c8:	00e7a023          	sw	a4,0(a5)
100003cc:	f00037b7          	lui	a5,0xf0003
100003d0:	00c78713          	addi	a4,a5,12 # f000300c <_erodata+0xe000287c>
100003d4:	fff00793          	li	a5,-1
100003d8:	00f72023          	sw	a5,0(a4)
100003dc:	f0003737          	lui	a4,0xf0003
100003e0:	01c70713          	addi	a4,a4,28 # f000301c <_erodata+0xe000288c>
100003e4:	00f72023          	sw	a5,0(a4)
100003e8:	f00037b7          	lui	a5,0xf0003
100003ec:	00878713          	addi	a4,a5,8 # f0003008 <_erodata+0xe0002878>
100003f0:	fff00793          	li	a5,-1
100003f4:	00f72023          	sw	a5,0(a4)
100003f8:	f0003737          	lui	a4,0xf0003
100003fc:	01870713          	addi	a4,a4,24 # f0003018 <_erodata+0xe0002888>
10000400:	00f72023          	sw	a5,0(a4)
10000404:	f00037b7          	lui	a5,0xf0003
10000408:	00478713          	addi	a4,a5,4 # f0003004 <_erodata+0xe0002874>
1000040c:	fff00793          	li	a5,-1
10000410:	00f72023          	sw	a5,0(a4)
10000414:	f0003737          	lui	a4,0xf0003
10000418:	01470713          	addi	a4,a4,20 # f0003014 <_erodata+0xe0002884>
1000041c:	00f72023          	sw	a5,0(a4)
10000420:	f0003737          	lui	a4,0xf0003
10000424:	fff00793          	li	a5,-1
10000428:	00f72023          	sw	a5,0(a4) # f0003000 <_erodata+0xe0002870>
1000042c:	f0003737          	lui	a4,0xf0003
10000430:	01070713          	addi	a4,a4,16 # f0003010 <_erodata+0xe0002880>
10000434:	00f72023          	sw	a5,0(a4)
10000438:	f00037b7          	lui	a5,0xf0003
1000043c:	03c78793          	addi	a5,a5,60 # f000303c <_erodata+0xe00028ac>
10000440:	0007a023          	sw	zero,0(a5)
10000444:	f00037b7          	lui	a5,0xf0003
10000448:	00c78713          	addi	a4,a5,12 # f000300c <_erodata+0xe000287c>
1000044c:	00000793          	li	a5,0
10000450:	00f72023          	sw	a5,0(a4)
10000454:	f0003737          	lui	a4,0xf0003
10000458:	01c70713          	addi	a4,a4,28 # f000301c <_erodata+0xe000288c>
1000045c:	00f72023          	sw	a5,0(a4)
10000460:	f00037b7          	lui	a5,0xf0003
10000464:	02c78793          	addi	a5,a5,44 # f000302c <_erodata+0xe000289c>
10000468:	0007a783          	lw	a5,0(a5)
1000046c:	00079863          	bnez	a5,1000047c <main+0x1c0>
10000470:	260007b7          	lui	a5,0x26000
10000474:	00c78793          	addi	a5,a5,12 # 2600000c <_erodata+0x15fff87c>
10000478:	0007a023          	sw	zero,0(a5)
1000047c:	00000013          	nop
10000480:	f00037b7          	lui	a5,0xf0003
10000484:	00c78713          	addi	a4,a5,12 # f000300c <_erodata+0xe000287c>
10000488:	fff00793          	li	a5,-1
1000048c:	00f72023          	sw	a5,0(a4)
10000490:	f0003737          	lui	a4,0xf0003
10000494:	01c70713          	addi	a4,a4,28 # f000301c <_erodata+0xe000288c>
10000498:	00f72023          	sw	a5,0(a4)
1000049c:	260007b7          	lui	a5,0x26000
100004a0:	00c78793          	addi	a5,a5,12 # 2600000c <_erodata+0x15fff87c>
100004a4:	00100713          	li	a4,1
100004a8:	00e7a023          	sw	a4,0(a5)
100004ac:	f00037b7          	lui	a5,0xf0003
100004b0:	03c78793          	addi	a5,a5,60 # f000303c <_erodata+0xe00028ac>
100004b4:	0007a023          	sw	zero,0(a5)
100004b8:	f00037b7          	lui	a5,0xf0003
100004bc:	03c78793          	addi	a5,a5,60 # f000303c <_erodata+0xe00028ac>
100004c0:	00200737          	lui	a4,0x200
100004c4:	ff070713          	addi	a4,a4,-16 # 1ffff0 <_fstack+0x1ff9f0>
100004c8:	00e7a023          	sw	a4,0(a5)
100004cc:	f00037b7          	lui	a5,0xf0003
100004d0:	00c78713          	addi	a4,a5,12 # f000300c <_erodata+0xe000287c>
100004d4:	00000793          	li	a5,0
100004d8:	00f72023          	sw	a5,0(a4)
100004dc:	f0003737          	lui	a4,0xf0003
100004e0:	01c70713          	addi	a4,a4,28 # f000301c <_erodata+0xe000288c>
100004e4:	00f72023          	sw	a5,0(a4)
100004e8:	f00037b7          	lui	a5,0xf0003
100004ec:	02c78793          	addi	a5,a5,44 # f000302c <_erodata+0xe000289c>
100004f0:	0007a703          	lw	a4,0(a5)
100004f4:	002007b7          	lui	a5,0x200
100004f8:	ff078793          	addi	a5,a5,-16 # 1ffff0 <_fstack+0x1ff9f0>
100004fc:	fef716e3          	bne	a4,a5,100004e8 <main+0x22c>
10000500:	260007b7          	lui	a5,0x26000
10000504:	00c78793          	addi	a5,a5,12 # 2600000c <_erodata+0x15fff87c>
10000508:	0007a023          	sw	zero,0(a5)
1000050c:	00000013          	nop
10000510:	260007b7          	lui	a5,0x26000
10000514:	00c78793          	addi	a5,a5,12 # 2600000c <_erodata+0x15fff87c>
10000518:	00100713          	li	a4,1
1000051c:	00e7a023          	sw	a4,0(a5)
10000520:	f00037b7          	lui	a5,0xf0003
10000524:	03c78793          	addi	a5,a5,60 # f000303c <_erodata+0xe00028ac>
10000528:	0007a023          	sw	zero,0(a5)
1000052c:	f00037b7          	lui	a5,0xf0003
10000530:	00c78713          	addi	a4,a5,12 # f000300c <_erodata+0xe000287c>
10000534:	fff00793          	li	a5,-1
10000538:	00f72023          	sw	a5,0(a4)
1000053c:	f0003737          	lui	a4,0xf0003
10000540:	01c70713          	addi	a4,a4,28 # f000301c <_erodata+0xe000288c>
10000544:	00f72023          	sw	a5,0(a4)
10000548:	f00037b7          	lui	a5,0xf0003
1000054c:	03c78793          	addi	a5,a5,60 # f000303c <_erodata+0xe00028ac>
10000550:	00400737          	lui	a4,0x400
10000554:	ff070713          	addi	a4,a4,-16 # 3ffff0 <_fstack+0x3ff9f0>
10000558:	00e7a023          	sw	a4,0(a5)
1000055c:	f00037b7          	lui	a5,0xf0003
10000560:	00c78713          	addi	a4,a5,12 # f000300c <_erodata+0xe000287c>
10000564:	00000793          	li	a5,0
10000568:	00f72023          	sw	a5,0(a4)
1000056c:	f0003737          	lui	a4,0xf0003
10000570:	01c70713          	addi	a4,a4,28 # f000301c <_erodata+0xe000288c>
10000574:	00f72023          	sw	a5,0(a4)
10000578:	f00037b7          	lui	a5,0xf0003
1000057c:	02c78793          	addi	a5,a5,44 # f000302c <_erodata+0xe000289c>
10000580:	0007a703          	lw	a4,0(a5)
10000584:	004007b7          	lui	a5,0x400
10000588:	ff078793          	addi	a5,a5,-16 # 3ffff0 <_fstack+0x3ff9f0>
1000058c:	fef716e3          	bne	a4,a5,10000578 <main+0x2bc>
10000590:	260007b7          	lui	a5,0x26000
10000594:	00c78793          	addi	a5,a5,12 # 2600000c <_erodata+0x15fff87c>
10000598:	0007a023          	sw	zero,0(a5)
1000059c:	00000013          	nop
100005a0:	f00037b7          	lui	a5,0xf0003
100005a4:	00c78713          	addi	a4,a5,12 # f000300c <_erodata+0xe000287c>
100005a8:	fff00793          	li	a5,-1
100005ac:	00f72023          	sw	a5,0(a4)
100005b0:	f0003737          	lui	a4,0xf0003
100005b4:	01c70713          	addi	a4,a4,28 # f000301c <_erodata+0xe000288c>
100005b8:	00f72023          	sw	a5,0(a4)
100005bc:	260007b7          	lui	a5,0x26000
100005c0:	00c78793          	addi	a5,a5,12 # 2600000c <_erodata+0x15fff87c>
100005c4:	00100713          	li	a4,1
100005c8:	00e7a023          	sw	a4,0(a5)
100005cc:	f00037b7          	lui	a5,0xf0003
100005d0:	03c78793          	addi	a5,a5,60 # f000303c <_erodata+0xe00028ac>
100005d4:	00210737          	lui	a4,0x210
100005d8:	10070713          	addi	a4,a4,256 # 210100 <_fstack+0x20fb00>
100005dc:	00e7a023          	sw	a4,0(a5)
100005e0:	f00037b7          	lui	a5,0xf0003
100005e4:	00c78713          	addi	a4,a5,12 # f000300c <_erodata+0xe000287c>
100005e8:	00000793          	li	a5,0
100005ec:	00f72023          	sw	a5,0(a4)
100005f0:	f0003737          	lui	a4,0xf0003
100005f4:	01c70713          	addi	a4,a4,28 # f000301c <_erodata+0xe000288c>
100005f8:	00f72023          	sw	a5,0(a4)
100005fc:	f00037b7          	lui	a5,0xf0003
10000600:	02c78793          	addi	a5,a5,44 # f000302c <_erodata+0xe000289c>
10000604:	0007a703          	lw	a4,0(a5)
10000608:	002107b7          	lui	a5,0x210
1000060c:	10078793          	addi	a5,a5,256 # 210100 <_fstack+0x20fb00>
10000610:	fef716e3          	bne	a4,a5,100005fc <main+0x340>
10000614:	260007b7          	lui	a5,0x26000
10000618:	00c78793          	addi	a5,a5,12 # 2600000c <_erodata+0x15fff87c>
1000061c:	0007a023          	sw	zero,0(a5)
10000620:	00000013          	nop
10000624:	f00037b7          	lui	a5,0xf0003
10000628:	00c78713          	addi	a4,a5,12 # f000300c <_erodata+0xe000287c>
1000062c:	fff00793          	li	a5,-1
10000630:	00f72023          	sw	a5,0(a4)
10000634:	f0003737          	lui	a4,0xf0003
10000638:	01c70713          	addi	a4,a4,28 # f000301c <_erodata+0xe000288c>
1000063c:	00f72023          	sw	a5,0(a4)
10000640:	260007b7          	lui	a5,0x26000
10000644:	00c78793          	addi	a5,a5,12 # 2600000c <_erodata+0x15fff87c>
10000648:	00100713          	li	a4,1
1000064c:	00e7a023          	sw	a4,0(a5)
10000650:	f00037b7          	lui	a5,0xf0003
10000654:	03c78793          	addi	a5,a5,60 # f000303c <_erodata+0xe00028ac>
10000658:	0007a023          	sw	zero,0(a5)
1000065c:	f00037b7          	lui	a5,0xf0003
10000660:	03c78793          	addi	a5,a5,60 # f000303c <_erodata+0xe00028ac>
10000664:	00410737          	lui	a4,0x410
10000668:	10070713          	addi	a4,a4,256 # 410100 <_fstack+0x40fb00>
1000066c:	00e7a023          	sw	a4,0(a5)
10000670:	f00037b7          	lui	a5,0xf0003
10000674:	00c78713          	addi	a4,a5,12 # f000300c <_erodata+0xe000287c>
10000678:	00000793          	li	a5,0
1000067c:	00f72023          	sw	a5,0(a4)
10000680:	f0003737          	lui	a4,0xf0003
10000684:	01c70713          	addi	a4,a4,28 # f000301c <_erodata+0xe000288c>
10000688:	00f72023          	sw	a5,0(a4)
1000068c:	f00037b7          	lui	a5,0xf0003
10000690:	02c78793          	addi	a5,a5,44 # f000302c <_erodata+0xe000289c>
10000694:	0007a703          	lw	a4,0(a5)
10000698:	004107b7          	lui	a5,0x410
1000069c:	10078793          	addi	a5,a5,256 # 410100 <_fstack+0x40fb00>
100006a0:	fef716e3          	bne	a4,a5,1000068c <main+0x3d0>
100006a4:	260007b7          	lui	a5,0x26000
100006a8:	00c78793          	addi	a5,a5,12 # 2600000c <_erodata+0x15fff87c>
100006ac:	0007a023          	sw	zero,0(a5)
100006b0:	00000013          	nop
100006b4:	f00037b7          	lui	a5,0xf0003
100006b8:	00c78713          	addi	a4,a5,12 # f000300c <_erodata+0xe000287c>
100006bc:	fff00793          	li	a5,-1
100006c0:	00f72023          	sw	a5,0(a4)
100006c4:	f0003737          	lui	a4,0xf0003
100006c8:	01c70713          	addi	a4,a4,28 # f000301c <_erodata+0xe000288c>
100006cc:	00f72023          	sw	a5,0(a4)
100006d0:	260007b7          	lui	a5,0x26000
100006d4:	00c78793          	addi	a5,a5,12 # 2600000c <_erodata+0x15fff87c>
100006d8:	00100713          	li	a4,1
100006dc:	00e7a023          	sw	a4,0(a5)
100006e0:	f00037b7          	lui	a5,0xf0003
100006e4:	03c78793          	addi	a5,a5,60 # f000303c <_erodata+0xe00028ac>
100006e8:	0007a023          	sw	zero,0(a5)
100006ec:	f00037b7          	lui	a5,0xf0003
100006f0:	03c78793          	addi	a5,a5,60 # f000303c <_erodata+0xe00028ac>
100006f4:	004ff737          	lui	a4,0x4ff
100006f8:	10070713          	addi	a4,a4,256 # 4ff100 <_fstack+0x4feb00>
100006fc:	00e7a023          	sw	a4,0(a5)
10000700:	f00037b7          	lui	a5,0xf0003
10000704:	00c78713          	addi	a4,a5,12 # f000300c <_erodata+0xe000287c>
10000708:	00000793          	li	a5,0
1000070c:	00f72023          	sw	a5,0(a4)
10000710:	f0003737          	lui	a4,0xf0003
10000714:	01c70713          	addi	a4,a4,28 # f000301c <_erodata+0xe000288c>
10000718:	00f72023          	sw	a5,0(a4)
1000071c:	f00037b7          	lui	a5,0xf0003
10000720:	02c78793          	addi	a5,a5,44 # f000302c <_erodata+0xe000289c>
10000724:	0007a703          	lw	a4,0(a5)
10000728:	004ff7b7          	lui	a5,0x4ff
1000072c:	10078793          	addi	a5,a5,256 # 4ff100 <_fstack+0x4feb00>
10000730:	fef716e3          	bne	a4,a5,1000071c <main+0x460>
10000734:	260007b7          	lui	a5,0x26000
10000738:	00c78793          	addi	a5,a5,12 # 2600000c <_erodata+0x15fff87c>
1000073c:	0007a023          	sw	zero,0(a5)
10000740:	00000013          	nop
10000744:	f00037b7          	lui	a5,0xf0003
10000748:	00c78713          	addi	a4,a5,12 # f000300c <_erodata+0xe000287c>
1000074c:	fff00793          	li	a5,-1
10000750:	00f72023          	sw	a5,0(a4)
10000754:	f0003737          	lui	a4,0xf0003
10000758:	01c70713          	addi	a4,a4,28 # f000301c <_erodata+0xe000288c>
1000075c:	00f72023          	sw	a5,0(a4)
10000760:	260007b7          	lui	a5,0x26000
10000764:	00c78793          	addi	a5,a5,12 # 2600000c <_erodata+0x15fff87c>
10000768:	00100713          	li	a4,1
1000076c:	00e7a023          	sw	a4,0(a5)
10000770:	260007b7          	lui	a5,0x26000
10000774:	00c78793          	addi	a5,a5,12 # 2600000c <_erodata+0x15fff87c>
10000778:	0007a023          	sw	zero,0(a5)
1000077c:	00000013          	nop
10000780:	00c12403          	lw	s0,12(sp)
10000784:	01010113          	addi	sp,sp,16
10000788:	00008067          	ret
